The system is: Linux - 5.15.57-2-MANJARO - x86_64
Compiling the C compiler identification source file "CMakeCCompilerId.c" succeeded.
Compiler: /usr/local/bin/clang 
Build flags: 
Id flags:  

The output was:
0


Compilation of the C compiler identification source "CMakeCCompilerId.c" produced "a.out"

The C compiler identification is Clang, found in "/home/ortettyv/dev/fstab_manager/build/CMakeFiles/3.23.3/CompilerIdC/a.out"

Compiling the CXX compiler identification source file "CMakeCXXCompilerId.cpp" succeeded.
Compiler: /usr/local/bin/clang++ 
Build flags: 
Id flags:  

The output was:
0


Compilation of the CXX compiler identification source "CMakeCXXCompilerId.cpp" produced "a.out"

The CXX compiler identification is Clang, found in "/home/ortettyv/dev/fstab_manager/build/CMakeFiles/3.23.3/CompilerIdCXX/a.out"

Detecting C compiler ABI info compiled with the following output:
Change Dir: /home/ortettyv/dev/fstab_manager/build/CMakeFiles/CMakeTmp

Run Build Command(s):/usr/bin/make -f Makefile cmTC_72036/fast && /usr/bin/make  -f CMakeFiles/cmTC_72036.dir/build.make CMakeFiles/cmTC_72036.dir/build
make[1]: Entering directory '/home/ortettyv/dev/fstab_manager/build/CMakeFiles/CMakeTmp'
Building C object CMakeFiles/cmTC_72036.dir/CMakeCCompilerABI.c.o
/usr/local/bin/clang   -v -MD -MT CMakeFiles/cmTC_72036.dir/CMakeCCompilerABI.c.o -MF CMakeFiles/cmTC_72036.dir/CMakeCCompilerABI.c.o.d -o CMakeFiles/cmTC_72036.dir/CMakeCCompilerABI.c.o -c /usr/share/cmake/Modules/CMakeCCompilerABI.c
clang version 16.0.0 (https://github.com/llvm/llvm-project.git e21202dac18ed7f718d26a0e131f96b399b4891c)
Target: x86_64-unknown-linux-gnu
Thread model: posix
InstalledDir: /usr/local/bin
Found candidate GCC installation: /usr/lib/gcc/x86_64-pc-linux-gnu/11.3.0
Found candidate GCC installation: /usr/lib/gcc/x86_64-pc-linux-gnu/12.1.1
Found candidate GCC installation: /usr/lib64/gcc/x86_64-pc-linux-gnu/11.3.0
Found candidate GCC installation: /usr/lib64/gcc/x86_64-pc-linux-gnu/12.1.1
Selected GCC installation: /usr/lib64/gcc/x86_64-pc-linux-gnu/12.1.1
Candidate multilib: .;@m64
Candidate multilib: 32;@m32
Selected multilib: .;@m64
Found CUDA installation: /opt/cuda, version 
 (in-process)
 "/usr/local/bin/clang-16" -cc1 -triple x86_64-unknown-linux-gnu -emit-obj -mrelax-all --mrelax-relocations -disable-free -clear-ast-before-backend -disable-llvm-verifier -discard-value-names -main-file-name CMakeCCompilerABI.c -mrelocation-model pic -pic-level 2 -pic-is-pie -mframe-pointer=all -fmath-errno -ffp-contract=on -fno-rounding-math -mconstructor-aliases -funwind-tables=2 -target-cpu x86-64 -tune-cpu generic -mllvm -treat-scalable-fixed-error-as-warning -debugger-tuning=gdb -v -fcoverage-compilation-dir=/home/ortettyv/dev/fstab_manager/build/CMakeFiles/CMakeTmp -resource-dir /usr/local/lib/clang/16.0.0 -dependency-file CMakeFiles/cmTC_72036.dir/CMakeCCompilerABI.c.o.d -MT CMakeFiles/cmTC_72036.dir/CMakeCCompilerABI.c.o -sys-header-deps -internal-isystem /usr/local/lib/clang/16.0.0/include -internal-isystem /usr/local/include -internal-isystem /usr/lib64/gcc/x86_64-pc-linux-gnu/12.1.1/../../../../x86_64-pc-linux-gnu/include -internal-externc-isystem /include -internal-externc-isystem /usr/include -fdebug-compilation-dir=/home/ortettyv/dev/fstab_manager/build/CMakeFiles/CMakeTmp -ferror-limit 19 -fgnuc-version=4.2.1 -faddrsig -D__GCC_HAVE_DWARF2_CFI_ASM=1 -o CMakeFiles/cmTC_72036.dir/CMakeCCompilerABI.c.o -x c /usr/share/cmake/Modules/CMakeCCompilerABI.c
clang -cc1 version 16.0.0 based upon LLVM 16.0.0git default target x86_64-unknown-linux-gnu
ignoring nonexistent directory "/usr/lib64/gcc/x86_64-pc-linux-gnu/12.1.1/../../../../x86_64-pc-linux-gnu/include"
ignoring nonexistent directory "/include"
#include "..." search starts here:
#include <...> search starts here:
 /usr/local/lib/clang/16.0.0/include
 /usr/local/include
 /usr/include
End of search list.
Linking C executable cmTC_72036
/usr/bin/cmake -E cmake_link_script CMakeFiles/cmTC_72036.dir/link.txt --verbose=1
/usr/local/bin/clang  -v -rdynamic CMakeFiles/cmTC_72036.dir/CMakeCCompilerABI.c.o -o cmTC_72036 
clang version 16.0.0 (https://github.com/llvm/llvm-project.git e21202dac18ed7f718d26a0e131f96b399b4891c)
Target: x86_64-unknown-linux-gnu
Thread model: posix
InstalledDir: /usr/local/bin
Found candidate GCC installation: /usr/lib/gcc/x86_64-pc-linux-gnu/11.3.0
Found candidate GCC installation: /usr/lib/gcc/x86_64-pc-linux-gnu/12.1.1
Found candidate GCC installation: /usr/lib64/gcc/x86_64-pc-linux-gnu/11.3.0
Found candidate GCC installation: /usr/lib64/gcc/x86_64-pc-linux-gnu/12.1.1
Selected GCC installation: /usr/lib64/gcc/x86_64-pc-linux-gnu/12.1.1
Candidate multilib: .;@m64
Candidate multilib: 32;@m32
Selected multilib: .;@m64
Found CUDA installation: /opt/cuda, version 
 "/usr/bin/ld" -pie -export-dynamic --eh-frame-hdr -m elf_x86_64 -export-dynamic -dynamic-linker /lib64/ld-linux-x86-64.so.2 -o cmTC_72036 /usr/lib64/gcc/x86_64-pc-linux-gnu/12.1.1/../../../../lib64/Scrt1.o /usr/lib64/gcc/x86_64-pc-linux-gnu/12.1.1/../../../../lib64/crti.o /usr/lib64/gcc/x86_64-pc-linux-gnu/12.1.1/crtbeginS.o -L/usr/lib64/gcc/x86_64-pc-linux-gnu/12.1.1 -L/usr/lib64/gcc/x86_64-pc-linux-gnu/12.1.1/../../../../lib64 -L/lib/../lib64 -L/usr/lib/../lib64 -L/lib -L/usr/lib CMakeFiles/cmTC_72036.dir/CMakeCCompilerABI.c.o -lgcc --as-needed -lgcc_s --no-as-needed -lc -lgcc --as-needed -lgcc_s --no-as-needed /usr/lib64/gcc/x86_64-pc-linux-gnu/12.1.1/crtendS.o /usr/lib64/gcc/x86_64-pc-linux-gnu/12.1.1/../../../../lib64/crtn.o
make[1]: Leaving directory '/home/ortettyv/dev/fstab_manager/build/CMakeFiles/CMakeTmp'



Parsed C implicit include dir info from above output: rv=done
  found start of include info
  found start of implicit include info
    add: [/usr/local/lib/clang/16.0.0/include]
    add: [/usr/local/include]
    add: [/usr/include]
  end of search list found
  collapse include dir [/usr/local/lib/clang/16.0.0/include] ==> [/usr/local/lib/clang/16.0.0/include]
  collapse include dir [/usr/local/include] ==> [/usr/local/include]
  collapse include dir [/usr/include] ==> [/usr/include]
  implicit include dirs: [/usr/local/lib/clang/16.0.0/include;/usr/local/include;/usr/include]


Parsed C implicit link information from above output:
  link line regex: [^( *|.*[/\])(ld|CMAKE_LINK_STARTFILE-NOTFOUND|([^/\]+-)?ld|collect2)[^/\]*( |$)]
  ignore line: [Change Dir: /home/ortettyv/dev/fstab_manager/build/CMakeFiles/CMakeTmp]
  ignore line: []
  ignore line: [Run Build Command(s):/usr/bin/make -f Makefile cmTC_72036/fast && /usr/bin/make  -f CMakeFiles/cmTC_72036.dir/build.make CMakeFiles/cmTC_72036.dir/build]
  ignore line: [make[1]: Entering directory '/home/ortettyv/dev/fstab_manager/build/CMakeFiles/CMakeTmp']
  ignore line: [Building C object CMakeFiles/cmTC_72036.dir/CMakeCCompilerABI.c.o]
  ignore line: [/usr/local/bin/clang   -v -MD -MT CMakeFiles/cmTC_72036.dir/CMakeCCompilerABI.c.o -MF CMakeFiles/cmTC_72036.dir/CMakeCCompilerABI.c.o.d -o CMakeFiles/cmTC_72036.dir/CMakeCCompilerABI.c.o -c /usr/share/cmake/Modules/CMakeCCompilerABI.c]
  ignore line: [clang version 16.0.0 (https://github.com/llvm/llvm-project.git e21202dac18ed7f718d26a0e131f96b399b4891c)]
  ignore line: [Target: x86_64-unknown-linux-gnu]
  ignore line: [Thread model: posix]
  ignore line: [InstalledDir: /usr/local/bin]
  ignore line: [Found candidate GCC installation: /usr/lib/gcc/x86_64-pc-linux-gnu/11.3.0]
  ignore line: [Found candidate GCC installation: /usr/lib/gcc/x86_64-pc-linux-gnu/12.1.1]
  ignore line: [Found candidate GCC installation: /usr/lib64/gcc/x86_64-pc-linux-gnu/11.3.0]
  ignore line: [Found candidate GCC installation: /usr/lib64/gcc/x86_64-pc-linux-gnu/12.1.1]
  ignore line: [Selected GCC installation: /usr/lib64/gcc/x86_64-pc-linux-gnu/12.1.1]
  ignore line: [Candidate multilib: .]
  ignore line: [@m64]
  ignore line: [Candidate multilib: 32]
  ignore line: [@m32]
  ignore line: [Selected multilib: .]
  ignore line: [@m64]
  ignore line: [Found CUDA installation: /opt/cuda  version ]
  ignore line: [ (in-process)]
  ignore line: [ "/usr/local/bin/clang-16" -cc1 -triple x86_64-unknown-linux-gnu -emit-obj -mrelax-all --mrelax-relocations -disable-free -clear-ast-before-backend -disable-llvm-verifier -discard-value-names -main-file-name CMakeCCompilerABI.c -mrelocation-model pic -pic-level 2 -pic-is-pie -mframe-pointer=all -fmath-errno -ffp-contract=on -fno-rounding-math -mconstructor-aliases -funwind-tables=2 -target-cpu x86-64 -tune-cpu generic -mllvm -treat-scalable-fixed-error-as-warning -debugger-tuning=gdb -v -fcoverage-compilation-dir=/home/ortettyv/dev/fstab_manager/build/CMakeFiles/CMakeTmp -resource-dir /usr/local/lib/clang/16.0.0 -dependency-file CMakeFiles/cmTC_72036.dir/CMakeCCompilerABI.c.o.d -MT CMakeFiles/cmTC_72036.dir/CMakeCCompilerABI.c.o -sys-header-deps -internal-isystem /usr/local/lib/clang/16.0.0/include -internal-isystem /usr/local/include -internal-isystem /usr/lib64/gcc/x86_64-pc-linux-gnu/12.1.1/../../../../x86_64-pc-linux-gnu/include -internal-externc-isystem /include -internal-externc-isystem /usr/include -fdebug-compilation-dir=/home/ortettyv/dev/fstab_manager/build/CMakeFiles/CMakeTmp -ferror-limit 19 -fgnuc-version=4.2.1 -faddrsig -D__GCC_HAVE_DWARF2_CFI_ASM=1 -o CMakeFiles/cmTC_72036.dir/CMakeCCompilerABI.c.o -x c /usr/share/cmake/Modules/CMakeCCompilerABI.c]
  ignore line: [clang -cc1 version 16.0.0 based upon LLVM 16.0.0git default target x86_64-unknown-linux-gnu]
  ignore line: [ignoring nonexistent directory "/usr/lib64/gcc/x86_64-pc-linux-gnu/12.1.1/../../../../x86_64-pc-linux-gnu/include"]
  ignore line: [ignoring nonexistent directory "/include"]
  ignore line: [#include "..." search starts here:]
  ignore line: [#include <...> search starts here:]
  ignore line: [ /usr/local/lib/clang/16.0.0/include]
  ignore line: [ /usr/local/include]
  ignore line: [ /usr/include]
  ignore line: [End of search list.]
  ignore line: [Linking C executable cmTC_72036]
  ignore line: [/usr/bin/cmake -E cmake_link_script CMakeFiles/cmTC_72036.dir/link.txt --verbose=1]
  ignore line: [/usr/local/bin/clang  -v -rdynamic CMakeFiles/cmTC_72036.dir/CMakeCCompilerABI.c.o -o cmTC_72036 ]
  ignore line: [clang version 16.0.0 (https://github.com/llvm/llvm-project.git e21202dac18ed7f718d26a0e131f96b399b4891c)]
  ignore line: [Target: x86_64-unknown-linux-gnu]
  ignore line: [Thread model: posix]
  ignore line: [InstalledDir: /usr/local/bin]
  ignore line: [Found candidate GCC installation: /usr/lib/gcc/x86_64-pc-linux-gnu/11.3.0]
  ignore line: [Found candidate GCC installation: /usr/lib/gcc/x86_64-pc-linux-gnu/12.1.1]
  ignore line: [Found candidate GCC installation: /usr/lib64/gcc/x86_64-pc-linux-gnu/11.3.0]
  ignore line: [Found candidate GCC installation: /usr/lib64/gcc/x86_64-pc-linux-gnu/12.1.1]
  ignore line: [Selected GCC installation: /usr/lib64/gcc/x86_64-pc-linux-gnu/12.1.1]
  ignore line: [Candidate multilib: .]
  ignore line: [@m64]
  ignore line: [Candidate multilib: 32]
  ignore line: [@m32]
  ignore line: [Selected multilib: .]
  ignore line: [@m64]
  ignore line: [Found CUDA installation: /opt/cuda  version ]
  link line: [ "/usr/bin/ld" -pie -export-dynamic --eh-frame-hdr -m elf_x86_64 -export-dynamic -dynamic-linker /lib64/ld-linux-x86-64.so.2 -o cmTC_72036 /usr/lib64/gcc/x86_64-pc-linux-gnu/12.1.1/../../../../lib64/Scrt1.o /usr/lib64/gcc/x86_64-pc-linux-gnu/12.1.1/../../../../lib64/crti.o /usr/lib64/gcc/x86_64-pc-linux-gnu/12.1.1/crtbeginS.o -L/usr/lib64/gcc/x86_64-pc-linux-gnu/12.1.1 -L/usr/lib64/gcc/x86_64-pc-linux-gnu/12.1.1/../../../../lib64 -L/lib/../lib64 -L/usr/lib/../lib64 -L/lib -L/usr/lib CMakeFiles/cmTC_72036.dir/CMakeCCompilerABI.c.o -lgcc --as-needed -lgcc_s --no-as-needed -lc -lgcc --as-needed -lgcc_s --no-as-needed /usr/lib64/gcc/x86_64-pc-linux-gnu/12.1.1/crtendS.o /usr/lib64/gcc/x86_64-pc-linux-gnu/12.1.1/../../../../lib64/crtn.o]
    arg [/usr/bin/ld] ==> ignore
    arg [-pie] ==> ignore
    arg [-export-dynamic] ==> ignore
    arg [--eh-frame-hdr] ==> ignore
    arg [-m] ==> ignore
    arg [elf_x86_64] ==> ignore
    arg [-export-dynamic] ==> ignore
    arg [-dynamic-linker] ==> ignore
    arg [/lib64/ld-linux-x86-64.so.2] ==> ignore
    arg [-o] ==> ignore
    arg [cmTC_72036] ==> ignore
    arg [/usr/lib64/gcc/x86_64-pc-linux-gnu/12.1.1/../../../../lib64/Scrt1.o] ==> obj [/usr/lib64/gcc/x86_64-pc-linux-gnu/12.1.1/../../../../lib64/Scrt1.o]
    arg [/usr/lib64/gcc/x86_64-pc-linux-gnu/12.1.1/../../../../lib64/crti.o] ==> obj [/usr/lib64/gcc/x86_64-pc-linux-gnu/12.1.1/../../../../lib64/crti.o]
    arg [/usr/lib64/gcc/x86_64-pc-linux-gnu/12.1.1/crtbeginS.o] ==> obj [/usr/lib64/gcc/x86_64-pc-linux-gnu/12.1.1/crtbeginS.o]
    arg [-L/usr/lib64/gcc/x86_64-pc-linux-gnu/12.1.1] ==> dir [/usr/lib64/gcc/x86_64-pc-linux-gnu/12.1.1]
    arg [-L/usr/lib64/gcc/x86_64-pc-linux-gnu/12.1.1/../../../../lib64] ==> dir [/usr/lib64/gcc/x86_64-pc-linux-gnu/12.1.1/../../../../lib64]
    arg [-L/lib/../lib64] ==> dir [/lib/../lib64]
    arg [-L/usr/lib/../lib64] ==> dir [/usr/lib/../lib64]
    arg [-L/lib] ==> dir [/lib]
    arg [-L/usr/lib] ==> dir [/usr/lib]
    arg [CMakeFiles/cmTC_72036.dir/CMakeCCompilerABI.c.o] ==> ignore
    arg [-lgcc] ==> lib [gcc]
    arg [--as-needed] ==> ignore
    arg [-lgcc_s] ==> lib [gcc_s]
    arg [--no-as-needed] ==> ignore
    arg [-lc] ==> lib [c]
    arg [-lgcc] ==> lib [gcc]
    arg [--as-needed] ==> ignore
    arg [-lgcc_s] ==> lib [gcc_s]
    arg [--no-as-needed] ==> ignore
    arg [/usr/lib64/gcc/x86_64-pc-linux-gnu/12.1.1/crtendS.o] ==> obj [/usr/lib64/gcc/x86_64-pc-linux-gnu/12.1.1/crtendS.o]
    arg [/usr/lib64/gcc/x86_64-pc-linux-gnu/12.1.1/../../../../lib64/crtn.o] ==> obj [/usr/lib64/gcc/x86_64-pc-linux-gnu/12.1.1/../../../../lib64/crtn.o]
  collapse obj [/usr/lib64/gcc/x86_64-pc-linux-gnu/12.1.1/../../../../lib64/Scrt1.o] ==> [/usr/lib64/Scrt1.o]
  collapse obj [/usr/lib64/gcc/x86_64-pc-linux-gnu/12.1.1/../../../../lib64/crti.o] ==> [/usr/lib64/crti.o]
  collapse obj [/usr/lib64/gcc/x86_64-pc-linux-gnu/12.1.1/../../../../lib64/crtn.o] ==> [/usr/lib64/crtn.o]
  collapse library dir [/usr/lib64/gcc/x86_64-pc-linux-gnu/12.1.1] ==> [/usr/lib64/gcc/x86_64-pc-linux-gnu/12.1.1]
  collapse library dir [/usr/lib64/gcc/x86_64-pc-linux-gnu/12.1.1/../../../../lib64] ==> [/usr/lib64]
  collapse library dir [/lib/../lib64] ==> [/lib64]
  collapse library dir [/usr/lib/../lib64] ==> [/usr/lib64]
  collapse library dir [/lib] ==> [/lib]
  collapse library dir [/usr/lib] ==> [/usr/lib]
  implicit libs: [gcc;gcc_s;c;gcc;gcc_s]
  implicit objs: [/usr/lib64/Scrt1.o;/usr/lib64/crti.o;/usr/lib64/gcc/x86_64-pc-linux-gnu/12.1.1/crtbeginS.o;/usr/lib64/gcc/x86_64-pc-linux-gnu/12.1.1/crtendS.o;/usr/lib64/crtn.o]
  implicit dirs: [/usr/lib64/gcc/x86_64-pc-linux-gnu/12.1.1;/usr/lib64;/lib64;/lib;/usr/lib]
  implicit fwks: []


Detecting CXX compiler ABI info compiled with the following output:
Change Dir: /home/ortettyv/dev/fstab_manager/build/CMakeFiles/CMakeTmp

Run Build Command(s):/usr/bin/make -f Makefile cmTC_80e60/fast && /usr/bin/make  -f CMakeFiles/cmTC_80e60.dir/build.make CMakeFiles/cmTC_80e60.dir/build
make[1]: Entering directory '/home/ortettyv/dev/fstab_manager/build/CMakeFiles/CMakeTmp'
Building CXX object CMakeFiles/cmTC_80e60.dir/CMakeCXXCompilerABI.cpp.o
/usr/local/bin/clang++   -v -MD -MT CMakeFiles/cmTC_80e60.dir/CMakeCXXCompilerABI.cpp.o -MF CMakeFiles/cmTC_80e60.dir/CMakeCXXCompilerABI.cpp.o.d -o CMakeFiles/cmTC_80e60.dir/CMakeCXXCompilerABI.cpp.o -c /usr/share/cmake/Modules/CMakeCXXCompilerABI.cpp
clang version 16.0.0 (https://github.com/llvm/llvm-project.git e21202dac18ed7f718d26a0e131f96b399b4891c)
Target: x86_64-unknown-linux-gnu
Thread model: posix
InstalledDir: /usr/local/bin
Found candidate GCC installation: /usr/lib/gcc/x86_64-pc-linux-gnu/11.3.0
Found candidate GCC installation: /usr/lib/gcc/x86_64-pc-linux-gnu/12.1.1
Found candidate GCC installation: /usr/lib64/gcc/x86_64-pc-linux-gnu/11.3.0
Found candidate GCC installation: /usr/lib64/gcc/x86_64-pc-linux-gnu/12.1.1
Selected GCC installation: /usr/lib64/gcc/x86_64-pc-linux-gnu/12.1.1
Candidate multilib: .;@m64
Candidate multilib: 32;@m32
Selected multilib: .;@m64
Found CUDA installation: /opt/cuda, version 
 (in-process)
 "/usr/local/bin/clang-16" -cc1 -triple x86_64-unknown-linux-gnu -emit-obj -mrelax-all --mrelax-relocations -disable-free -clear-ast-before-backend -disable-llvm-verifier -discard-value-names -main-file-name CMakeCXXCompilerABI.cpp -mrelocation-model pic -pic-level 2 -pic-is-pie -mframe-pointer=all -fmath-errno -ffp-contract=on -fno-rounding-math -mconstructor-aliases -funwind-tables=2 -target-cpu x86-64 -tune-cpu generic -mllvm -treat-scalable-fixed-error-as-warning -debugger-tuning=gdb -v -fcoverage-compilation-dir=/home/ortettyv/dev/fstab_manager/build/CMakeFiles/CMakeTmp -resource-dir /usr/local/lib/clang/16.0.0 -dependency-file CMakeFiles/cmTC_80e60.dir/CMakeCXXCompilerABI.cpp.o.d -MT CMakeFiles/cmTC_80e60.dir/CMakeCXXCompilerABI.cpp.o -sys-header-deps -internal-isystem /usr/lib64/gcc/x86_64-pc-linux-gnu/12.1.1/../../../../include/c++/12.1.1 -internal-isystem /usr/lib64/gcc/x86_64-pc-linux-gnu/12.1.1/../../../../include/c++/12.1.1/x86_64-pc-linux-gnu -internal-isystem /usr/lib64/gcc/x86_64-pc-linux-gnu/12.1.1/../../../../include/c++/12.1.1/backward -internal-isystem /usr/local/lib/clang/16.0.0/include -internal-isystem /usr/local/include -internal-isystem /usr/lib64/gcc/x86_64-pc-linux-gnu/12.1.1/../../../../x86_64-pc-linux-gnu/include -internal-externc-isystem /include -internal-externc-isystem /usr/include -fdeprecated-macro -fdebug-compilation-dir=/home/ortettyv/dev/fstab_manager/build/CMakeFiles/CMakeTmp -ferror-limit 19 -fgnuc-version=4.2.1 -fcxx-exceptions -fexceptions -faddrsig -D__GCC_HAVE_DWARF2_CFI_ASM=1 -o CMakeFiles/cmTC_80e60.dir/CMakeCXXCompilerABI.cpp.o -x c++ /usr/share/cmake/Modules/CMakeCXXCompilerABI.cpp
clang -cc1 version 16.0.0 based upon LLVM 16.0.0git default target x86_64-unknown-linux-gnu
ignoring nonexistent directory "/usr/lib64/gcc/x86_64-pc-linux-gnu/12.1.1/../../../../x86_64-pc-linux-gnu/include"
ignoring nonexistent directory "/include"
#include "..." search starts here:
#include <...> search starts here:
 /usr/lib64/gcc/x86_64-pc-linux-gnu/12.1.1/../../../../include/c++/12.1.1
 /usr/lib64/gcc/x86_64-pc-linux-gnu/12.1.1/../../../../include/c++/12.1.1/x86_64-pc-linux-gnu
 /usr/lib64/gcc/x86_64-pc-linux-gnu/12.1.1/../../../../include/c++/12.1.1/backward
 /usr/local/lib/clang/16.0.0/include
 /usr/local/include
 /usr/include
End of search list.
Linking CXX executable cmTC_80e60
/usr/bin/cmake -E cmake_link_script CMakeFiles/cmTC_80e60.dir/link.txt --verbose=1
/usr/local/bin/clang++  -v -rdynamic CMakeFiles/cmTC_80e60.dir/CMakeCXXCompilerABI.cpp.o -o cmTC_80e60 
clang version 16.0.0 (https://github.com/llvm/llvm-project.git e21202dac18ed7f718d26a0e131f96b399b4891c)
Target: x86_64-unknown-linux-gnu
Thread model: posix
InstalledDir: /usr/local/bin
Found candidate GCC installation: /usr/lib/gcc/x86_64-pc-linux-gnu/11.3.0
Found candidate GCC installation: /usr/lib/gcc/x86_64-pc-linux-gnu/12.1.1
Found candidate GCC installation: /usr/lib64/gcc/x86_64-pc-linux-gnu/11.3.0
Found candidate GCC installation: /usr/lib64/gcc/x86_64-pc-linux-gnu/12.1.1
Selected GCC installation: /usr/lib64/gcc/x86_64-pc-linux-gnu/12.1.1
Candidate multilib: .;@m64
Candidate multilib: 32;@m32
Selected multilib: .;@m64
Found CUDA installation: /opt/cuda, version 
 "/usr/bin/ld" -pie -export-dynamic --eh-frame-hdr -m elf_x86_64 -export-dynamic -dynamic-linker /lib64/ld-linux-x86-64.so.2 -o cmTC_80e60 /usr/lib64/gcc/x86_64-pc-linux-gnu/12.1.1/../../../../lib64/Scrt1.o /usr/lib64/gcc/x86_64-pc-linux-gnu/12.1.1/../../../../lib64/crti.o /usr/lib64/gcc/x86_64-pc-linux-gnu/12.1.1/crtbeginS.o -L/usr/lib64/gcc/x86_64-pc-linux-gnu/12.1.1 -L/usr/lib64/gcc/x86_64-pc-linux-gnu/12.1.1/../../../../lib64 -L/lib/../lib64 -L/usr/lib/../lib64 -L/lib -L/usr/lib CMakeFiles/cmTC_80e60.dir/CMakeCXXCompilerABI.cpp.o -lstdc++ -lm -lgcc_s -lgcc -lc -lgcc_s -lgcc /usr/lib64/gcc/x86_64-pc-linux-gnu/12.1.1/crtendS.o /usr/lib64/gcc/x86_64-pc-linux-gnu/12.1.1/../../../../lib64/crtn.o
make[1]: Leaving directory '/home/ortettyv/dev/fstab_manager/build/CMakeFiles/CMakeTmp'



Parsed CXX implicit include dir info from above output: rv=done
  found start of include info
  found start of implicit include info
    add: [/usr/lib64/gcc/x86_64-pc-linux-gnu/12.1.1/../../../../include/c++/12.1.1]
    add: [/usr/lib64/gcc/x86_64-pc-linux-gnu/12.1.1/../../../../include/c++/12.1.1/x86_64-pc-linux-gnu]
    add: [/usr/lib64/gcc/x86_64-pc-linux-gnu/12.1.1/../../../../include/c++/12.1.1/backward]
    add: [/usr/local/lib/clang/16.0.0/include]
    add: [/usr/local/include]
    add: [/usr/include]
  end of search list found
  collapse include dir [/usr/lib64/gcc/x86_64-pc-linux-gnu/12.1.1/../../../../include/c++/12.1.1] ==> [/usr/include/c++/12.1.1]
  collapse include dir [/usr/lib64/gcc/x86_64-pc-linux-gnu/12.1.1/../../../../include/c++/12.1.1/x86_64-pc-linux-gnu] ==> [/usr/include/c++/12.1.1/x86_64-pc-linux-gnu]
  collapse include dir [/usr/lib64/gcc/x86_64-pc-linux-gnu/12.1.1/../../../../include/c++/12.1.1/backward] ==> [/usr/include/c++/12.1.1/backward]
  collapse include dir [/usr/local/lib/clang/16.0.0/include] ==> [/usr/local/lib/clang/16.0.0/include]
  collapse include dir [/usr/local/include] ==> [/usr/local/include]
  collapse include dir [/usr/include] ==> [/usr/include]
  implicit include dirs: [/usr/include/c++/12.1.1;/usr/include/c++/12.1.1/x86_64-pc-linux-gnu;/usr/include/c++/12.1.1/backward;/usr/local/lib/clang/16.0.0/include;/usr/local/include;/usr/include]


Parsed CXX implicit link information from above output:
  link line regex: [^( *|.*[/\])(ld|CMAKE_LINK_STARTFILE-NOTFOUND|([^/\]+-)?ld|collect2)[^/\]*( |$)]
  ignore line: [Change Dir: /home/ortettyv/dev/fstab_manager/build/CMakeFiles/CMakeTmp]
  ignore line: []
  ignore line: [Run Build Command(s):/usr/bin/make -f Makefile cmTC_80e60/fast && /usr/bin/make  -f CMakeFiles/cmTC_80e60.dir/build.make CMakeFiles/cmTC_80e60.dir/build]
  ignore line: [make[1]: Entering directory '/home/ortettyv/dev/fstab_manager/build/CMakeFiles/CMakeTmp']
  ignore line: [Building CXX object CMakeFiles/cmTC_80e60.dir/CMakeCXXCompilerABI.cpp.o]
  ignore line: [/usr/local/bin/clang++   -v -MD -MT CMakeFiles/cmTC_80e60.dir/CMakeCXXCompilerABI.cpp.o -MF CMakeFiles/cmTC_80e60.dir/CMakeCXXCompilerABI.cpp.o.d -o CMakeFiles/cmTC_80e60.dir/CMakeCXXCompilerABI.cpp.o -c /usr/share/cmake/Modules/CMakeCXXCompilerABI.cpp]
  ignore line: [clang version 16.0.0 (https://github.com/llvm/llvm-project.git e21202dac18ed7f718d26a0e131f96b399b4891c)]
  ignore line: [Target: x86_64-unknown-linux-gnu]
  ignore line: [Thread model: posix]
  ignore line: [InstalledDir: /usr/local/bin]
  ignore line: [Found candidate GCC installation: /usr/lib/gcc/x86_64-pc-linux-gnu/11.3.0]
  ignore line: [Found candidate GCC installation: /usr/lib/gcc/x86_64-pc-linux-gnu/12.1.1]
  ignore line: [Found candidate GCC installation: /usr/lib64/gcc/x86_64-pc-linux-gnu/11.3.0]
  ignore line: [Found candidate GCC installation: /usr/lib64/gcc/x86_64-pc-linux-gnu/12.1.1]
  ignore line: [Selected GCC installation: /usr/lib64/gcc/x86_64-pc-linux-gnu/12.1.1]
  ignore line: [Candidate multilib: .]
  ignore line: [@m64]
  ignore line: [Candidate multilib: 32]
  ignore line: [@m32]
  ignore line: [Selected multilib: .]
  ignore line: [@m64]
  ignore line: [Found CUDA installation: /opt/cuda  version ]
  ignore line: [ (in-process)]
  ignore line: [ "/usr/local/bin/clang-16" -cc1 -triple x86_64-unknown-linux-gnu -emit-obj -mrelax-all --mrelax-relocations -disable-free -clear-ast-before-backend -disable-llvm-verifier -discard-value-names -main-file-name CMakeCXXCompilerABI.cpp -mrelocation-model pic -pic-level 2 -pic-is-pie -mframe-pointer=all -fmath-errno -ffp-contract=on -fno-rounding-math -mconstructor-aliases -funwind-tables=2 -target-cpu x86-64 -tune-cpu generic -mllvm -treat-scalable-fixed-error-as-warning -debugger-tuning=gdb -v -fcoverage-compilation-dir=/home/ortettyv/dev/fstab_manager/build/CMakeFiles/CMakeTmp -resource-dir /usr/local/lib/clang/16.0.0 -dependency-file CMakeFiles/cmTC_80e60.dir/CMakeCXXCompilerABI.cpp.o.d -MT CMakeFiles/cmTC_80e60.dir/CMakeCXXCompilerABI.cpp.o -sys-header-deps -internal-isystem /usr/lib64/gcc/x86_64-pc-linux-gnu/12.1.1/../../../../include/c++/12.1.1 -internal-isystem /usr/lib64/gcc/x86_64-pc-linux-gnu/12.1.1/../../../../include/c++/12.1.1/x86_64-pc-linux-gnu -internal-isystem /usr/lib64/gcc/x86_64-pc-linux-gnu/12.1.1/../../../../include/c++/12.1.1/backward -internal-isystem /usr/local/lib/clang/16.0.0/include -internal-isystem /usr/local/include -internal-isystem /usr/lib64/gcc/x86_64-pc-linux-gnu/12.1.1/../../../../x86_64-pc-linux-gnu/include -internal-externc-isystem /include -internal-externc-isystem /usr/include -fdeprecated-macro -fdebug-compilation-dir=/home/ortettyv/dev/fstab_manager/build/CMakeFiles/CMakeTmp -ferror-limit 19 -fgnuc-version=4.2.1 -fcxx-exceptions -fexceptions -faddrsig -D__GCC_HAVE_DWARF2_CFI_ASM=1 -o CMakeFiles/cmTC_80e60.dir/CMakeCXXCompilerABI.cpp.o -x c++ /usr/share/cmake/Modules/CMakeCXXCompilerABI.cpp]
  ignore line: [clang -cc1 version 16.0.0 based upon LLVM 16.0.0git default target x86_64-unknown-linux-gnu]
  ignore line: [ignoring nonexistent directory "/usr/lib64/gcc/x86_64-pc-linux-gnu/12.1.1/../../../../x86_64-pc-linux-gnu/include"]
  ignore line: [ignoring nonexistent directory "/include"]
  ignore line: [#include "..." search starts here:]
  ignore line: [#include <...> search starts here:]
  ignore line: [ /usr/lib64/gcc/x86_64-pc-linux-gnu/12.1.1/../../../../include/c++/12.1.1]
  ignore line: [ /usr/lib64/gcc/x86_64-pc-linux-gnu/12.1.1/../../../../include/c++/12.1.1/x86_64-pc-linux-gnu]
  ignore line: [ /usr/lib64/gcc/x86_64-pc-linux-gnu/12.1.1/../../../../include/c++/12.1.1/backward]
  ignore line: [ /usr/local/lib/clang/16.0.0/include]
  ignore line: [ /usr/local/include]
  ignore line: [ /usr/include]
  ignore line: [End of search list.]
  ignore line: [Linking CXX executable cmTC_80e60]
  ignore line: [/usr/bin/cmake -E cmake_link_script CMakeFiles/cmTC_80e60.dir/link.txt --verbose=1]
  ignore line: [/usr/local/bin/clang++  -v -rdynamic CMakeFiles/cmTC_80e60.dir/CMakeCXXCompilerABI.cpp.o -o cmTC_80e60 ]
  ignore line: [clang version 16.0.0 (https://github.com/llvm/llvm-project.git e21202dac18ed7f718d26a0e131f96b399b4891c)]
  ignore line: [Target: x86_64-unknown-linux-gnu]
  ignore line: [Thread model: posix]
  ignore line: [InstalledDir: /usr/local/bin]
  ignore line: [Found candidate GCC installation: /usr/lib/gcc/x86_64-pc-linux-gnu/11.3.0]
  ignore line: [Found candidate GCC installation: /usr/lib/gcc/x86_64-pc-linux-gnu/12.1.1]
  ignore line: [Found candidate GCC installation: /usr/lib64/gcc/x86_64-pc-linux-gnu/11.3.0]
  ignore line: [Found candidate GCC installation: /usr/lib64/gcc/x86_64-pc-linux-gnu/12.1.1]
  ignore line: [Selected GCC installation: /usr/lib64/gcc/x86_64-pc-linux-gnu/12.1.1]
  ignore line: [Candidate multilib: .]
  ignore line: [@m64]
  ignore line: [Candidate multilib: 32]
  ignore line: [@m32]
  ignore line: [Selected multilib: .]
  ignore line: [@m64]
  ignore line: [Found CUDA installation: /opt/cuda  version ]
  link line: [ "/usr/bin/ld" -pie -export-dynamic --eh-frame-hdr -m elf_x86_64 -export-dynamic -dynamic-linker /lib64/ld-linux-x86-64.so.2 -o cmTC_80e60 /usr/lib64/gcc/x86_64-pc-linux-gnu/12.1.1/../../../../lib64/Scrt1.o /usr/lib64/gcc/x86_64-pc-linux-gnu/12.1.1/../../../../lib64/crti.o /usr/lib64/gcc/x86_64-pc-linux-gnu/12.1.1/crtbeginS.o -L/usr/lib64/gcc/x86_64-pc-linux-gnu/12.1.1 -L/usr/lib64/gcc/x86_64-pc-linux-gnu/12.1.1/../../../../lib64 -L/lib/../lib64 -L/usr/lib/../lib64 -L/lib -L/usr/lib CMakeFiles/cmTC_80e60.dir/CMakeCXXCompilerABI.cpp.o -lstdc++ -lm -lgcc_s -lgcc -lc -lgcc_s -lgcc /usr/lib64/gcc/x86_64-pc-linux-gnu/12.1.1/crtendS.o /usr/lib64/gcc/x86_64-pc-linux-gnu/12.1.1/../../../../lib64/crtn.o]
    arg [/usr/bin/ld] ==> ignore
    arg [-pie] ==> ignore
    arg [-export-dynamic] ==> ignore
    arg [--eh-frame-hdr] ==> ignore
    arg [-m] ==> ignore
    arg [elf_x86_64] ==> ignore
    arg [-export-dynamic] ==> ignore
    arg [-dynamic-linker] ==> ignore
    arg [/lib64/ld-linux-x86-64.so.2] ==> ignore
    arg [-o] ==> ignore
    arg [cmTC_80e60] ==> ignore
    arg [/usr/lib64/gcc/x86_64-pc-linux-gnu/12.1.1/../../../../lib64/Scrt1.o] ==> obj [/usr/lib64/gcc/x86_64-pc-linux-gnu/12.1.1/../../../../lib64/Scrt1.o]
    arg [/usr/lib64/gcc/x86_64-pc-linux-gnu/12.1.1/../../../../lib64/crti.o] ==> obj [/usr/lib64/gcc/x86_64-pc-linux-gnu/12.1.1/../../../../lib64/crti.o]
    arg [/usr/lib64/gcc/x86_64-pc-linux-gnu/12.1.1/crtbeginS.o] ==> obj [/usr/lib64/gcc/x86_64-pc-linux-gnu/12.1.1/crtbeginS.o]
    arg [-L/usr/lib64/gcc/x86_64-pc-linux-gnu/12.1.1] ==> dir [/usr/lib64/gcc/x86_64-pc-linux-gnu/12.1.1]
    arg [-L/usr/lib64/gcc/x86_64-pc-linux-gnu/12.1.1/../../../../lib64] ==> dir [/usr/lib64/gcc/x86_64-pc-linux-gnu/12.1.1/../../../../lib64]
    arg [-L/lib/../lib64] ==> dir [/lib/../lib64]
    arg [-L/usr/lib/../lib64] ==> dir [/usr/lib/../lib64]
    arg [-L/lib] ==> dir [/lib]
    arg [-L/usr/lib] ==> dir [/usr/lib]
    arg [CMakeFiles/cmTC_80e60.dir/CMakeCXXCompilerABI.cpp.o] ==> ignore
    arg [-lstdc++] ==> lib [stdc++]
    arg [-lm] ==> lib [m]
    arg [-lgcc_s] ==> lib [gcc_s]
    arg [-lgcc] ==> lib [gcc]
    arg [-lc] ==> lib [c]
    arg [-lgcc_s] ==> lib [gcc_s]
    arg [-lgcc] ==> lib [gcc]
    arg [/usr/lib64/gcc/x86_64-pc-linux-gnu/12.1.1/crtendS.o] ==> obj [/usr/lib64/gcc/x86_64-pc-linux-gnu/12.1.1/crtendS.o]
    arg [/usr/lib64/gcc/x86_64-pc-linux-gnu/12.1.1/../../../../lib64/crtn.o] ==> obj [/usr/lib64/gcc/x86_64-pc-linux-gnu/12.1.1/../../../../lib64/crtn.o]
  collapse obj [/usr/lib64/gcc/x86_64-pc-linux-gnu/12.1.1/../../../../lib64/Scrt1.o] ==> [/usr/lib64/Scrt1.o]
  collapse obj [/usr/lib64/gcc/x86_64-pc-linux-gnu/12.1.1/../../../../lib64/crti.o] ==> [/usr/lib64/crti.o]
  collapse obj [/usr/lib64/gcc/x86_64-pc-linux-gnu/12.1.1/../../../../lib64/crtn.o] ==> [/usr/lib64/crtn.o]
  collapse library dir [/usr/lib64/gcc/x86_64-pc-linux-gnu/12.1.1] ==> [/usr/lib64/gcc/x86_64-pc-linux-gnu/12.1.1]
  collapse library dir [/usr/lib64/gcc/x86_64-pc-linux-gnu/12.1.1/../../../../lib64] ==> [/usr/lib64]
  collapse library dir [/lib/../lib64] ==> [/lib64]
  collapse library dir [/usr/lib/../lib64] ==> [/usr/lib64]
  collapse library dir [/lib] ==> [/lib]
  collapse library dir [/usr/lib] ==> [/usr/lib]
  implicit libs: [stdc++;m;gcc_s;gcc;c;gcc_s;gcc]
  implicit objs: [/usr/lib64/Scrt1.o;/usr/lib64/crti.o;/usr/lib64/gcc/x86_64-pc-linux-gnu/12.1.1/crtbeginS.o;/usr/lib64/gcc/x86_64-pc-linux-gnu/12.1.1/crtendS.o;/usr/lib64/crtn.o]
  implicit dirs: [/usr/lib64/gcc/x86_64-pc-linux-gnu/12.1.1;/usr/lib64;/lib64;/lib;/usr/lib]
  implicit fwks: []


Performing C++ SOURCE FILE Test has_std_20_flag succeeded with the following output:
Change Dir: /home/ortettyv/dev/fstab_manager/build/CMakeFiles/CMakeTmp

Run Build Command(s):/usr/bin/make -f Makefile cmTC_d14e9/fast && /usr/bin/make  -f CMakeFiles/cmTC_d14e9.dir/build.make CMakeFiles/cmTC_d14e9.dir/build
make[1]: Entering directory '/home/ortettyv/dev/fstab_manager/build/CMakeFiles/CMakeTmp'
Building CXX object CMakeFiles/cmTC_d14e9.dir/src.cxx.o
/usr/local/bin/clang++ -Dhas_std_20_flag  -std=c++20 -std=gnu++20 -MD -MT CMakeFiles/cmTC_d14e9.dir/src.cxx.o -MF CMakeFiles/cmTC_d14e9.dir/src.cxx.o.d -o CMakeFiles/cmTC_d14e9.dir/src.cxx.o -c /home/ortettyv/dev/fstab_manager/build/CMakeFiles/CMakeTmp/src.cxx
Linking CXX executable cmTC_d14e9
/usr/bin/cmake -E cmake_link_script CMakeFiles/cmTC_d14e9.dir/link.txt --verbose=1
/usr/local/bin/clang++ CMakeFiles/cmTC_d14e9.dir/src.cxx.o -o cmTC_d14e9 
make[1]: Leaving directory '/home/ortettyv/dev/fstab_manager/build/CMakeFiles/CMakeTmp'


Source file was:
int main() { return 0; }
Performing C++ SOURCE FILE Test has_std_2a_flag succeeded with the following output:
Change Dir: /home/ortettyv/dev/fstab_manager/build/CMakeFiles/CMakeTmp

Run Build Command(s):/usr/bin/make -f Makefile cmTC_ec840/fast && /usr/bin/make  -f CMakeFiles/cmTC_ec840.dir/build.make CMakeFiles/cmTC_ec840.dir/build
make[1]: Entering directory '/home/ortettyv/dev/fstab_manager/build/CMakeFiles/CMakeTmp'
Building CXX object CMakeFiles/cmTC_ec840.dir/src.cxx.o
/usr/local/bin/clang++ -Dhas_std_2a_flag  -std=c++2a -std=gnu++20 -MD -MT CMakeFiles/cmTC_ec840.dir/src.cxx.o -MF CMakeFiles/cmTC_ec840.dir/src.cxx.o.d -o CMakeFiles/cmTC_ec840.dir/src.cxx.o -c /home/ortettyv/dev/fstab_manager/build/CMakeFiles/CMakeTmp/src.cxx
Linking CXX executable cmTC_ec840
/usr/bin/cmake -E cmake_link_script CMakeFiles/cmTC_ec840.dir/link.txt --verbose=1
/usr/local/bin/clang++ CMakeFiles/cmTC_ec840.dir/src.cxx.o -o cmTC_ec840 
make[1]: Leaving directory '/home/ortettyv/dev/fstab_manager/build/CMakeFiles/CMakeTmp'


Source file was:
int main() { return 0; }
Performing C++ SOURCE FILE Test HAS_NULLPTR_WARNING succeeded with the following output:
Change Dir: /home/ortettyv/dev/fstab_manager/build/CMakeFiles/CMakeTmp

Run Build Command(s):/usr/bin/make -f Makefile cmTC_53d0e/fast && /usr/bin/make  -f CMakeFiles/cmTC_53d0e.dir/build.make CMakeFiles/cmTC_53d0e.dir/build
make[1]: Entering directory '/home/ortettyv/dev/fstab_manager/build/CMakeFiles/CMakeTmp'
Building CXX object CMakeFiles/cmTC_53d0e.dir/src.cxx.o
/usr/local/bin/clang++ -DHAS_NULLPTR_WARNING  -Wzero-as-null-pointer-constant -std=gnu++20 -MD -MT CMakeFiles/cmTC_53d0e.dir/src.cxx.o -MF CMakeFiles/cmTC_53d0e.dir/src.cxx.o.d -o CMakeFiles/cmTC_53d0e.dir/src.cxx.o -c /home/ortettyv/dev/fstab_manager/build/CMakeFiles/CMakeTmp/src.cxx
Linking CXX executable cmTC_53d0e
/usr/bin/cmake -E cmake_link_script CMakeFiles/cmTC_53d0e.dir/link.txt --verbose=1
/usr/local/bin/clang++ CMakeFiles/cmTC_53d0e.dir/src.cxx.o -o cmTC_53d0e 
make[1]: Leaving directory '/home/ortettyv/dev/fstab_manager/build/CMakeFiles/CMakeTmp'


Source file was:
int main() { return 0; }
